<?xml version="1.0" encoding="UTF-8"?>
<testsuite name="com.jojoldu.book.springboot.web.HelloControllerTest" tests="2" skipped="0" failures="0" errors="0" timestamp="2021-10-22T09:22:06" hostname="DESKTOP-J7FJC89" time="0.286">
  <properties/>
  <testcase name="hello가_리턴된다" classname="com.jojoldu.book.springboot.web.HelloControllerTest" time="0.181"/>
  <testcase name="helloDto가_리턴된다" classname="com.jojoldu.book.springboot.web.HelloControllerTest" time="0.103"/>
  <system-out><![CDATA[2021-10-22 18:22:05.241  INFO 18928 --- [    Test worker] .b.t.a.w.s.WebMvcTestContextBootstrapper : Neither @ContextConfiguration nor @ContextHierarchy found for test class [com.jojoldu.book.springboot.web.HelloControllerTest], using SpringBootContextLoader
2021-10-22 18:22:05.243  INFO 18928 --- [    Test worker] o.s.t.c.support.AbstractContextLoader    : Could not detect default resource locations for test class [com.jojoldu.book.springboot.web.HelloControllerTest]: no resource found for suffixes {-context.xml, Context.groovy}.
2021-10-22 18:22:05.244  INFO 18928 --- [    Test worker] t.c.s.AnnotationConfigContextLoaderUtils : Could not detect default configuration classes for test class [com.jojoldu.book.springboot.web.HelloControllerTest]: HelloControllerTest does not declare any static, non-private, non-final, nested classes annotated with @Configuration.
2021-10-22 18:22:05.272  INFO 18928 --- [    Test worker] .b.t.c.SpringBootTestContextBootstrapper : Found @SpringBootConfiguration com.jojoldu.book.springboot.Application for test class com.jojoldu.book.springboot.web.HelloControllerTest
2021-10-22 18:22:05.274  INFO 18928 --- [    Test worker] .b.t.a.w.s.WebMvcTestContextBootstrapper : Loaded default TestExecutionListener class names from location [META-INF/spring.factories]: [org.springframework.security.test.context.support.WithSecurityContextTestExecutionListener, org.springframework.security.test.context.support.ReactorContextTestExecutionListener, org.springframework.boot.test.autoconfigure.restdocs.RestDocsTestExecutionListener, org.springframework.boot.test.autoconfigure.web.client.MockRestServiceServerResetTestExecutionListener, org.springframework.boot.test.autoconfigure.web.servlet.MockMvcPrintOnlyOnFailureTestExecutionListener, org.springframework.boot.test.autoconfigure.web.servlet.WebDriverTestExecutionListener, org.springframework.boot.test.mock.mockito.MockitoTestExecutionListener, org.springframework.boot.test.mock.mockito.ResetMocksTestExecutionListener, org.springframework.test.context.web.ServletTestExecutionListener, org.springframework.test.context.support.DirtiesContextBeforeModesTestExecutionListener, org.springframework.test.context.support.DependencyInjectionTestExecutionListener, org.springframework.test.context.support.DirtiesContextTestExecutionListener, org.springframework.test.context.transaction.TransactionalTestExecutionListener, org.springframework.test.context.jdbc.SqlScriptsTestExecutionListener]
2021-10-22 18:22:05.275  INFO 18928 --- [    Test worker] .b.t.a.w.s.WebMvcTestContextBootstrapper : Using TestExecutionListeners: [org.springframework.test.context.web.ServletTestExecutionListener@6f798b6e, org.springframework.test.context.support.DirtiesContextBeforeModesTestExecutionListener@7871df8b, org.springframework.boot.test.mock.mockito.MockitoTestExecutionListener@58d0f4ce, org.springframework.boot.test.autoconfigure.SpringBootDependencyInjectionTestExecutionListener@2b0fd03b, org.springframework.test.context.support.DirtiesContextTestExecutionListener@88e0ccf, org.springframework.test.context.transaction.TransactionalTestExecutionListener@7e7517d2, org.springframework.test.context.jdbc.SqlScriptsTestExecutionListener@215cfa56, org.springframework.security.test.context.support.WithSecurityContextTestExecutionListener@7487684e, org.springframework.security.test.context.support.ReactorContextTestExecutionListener@c97ea65, org.springframework.boot.test.autoconfigure.restdocs.RestDocsTestExecutionListener@5a0aa7a2, org.springframework.boot.test.autoconfigure.web.client.MockRestServiceServerResetTestExecutionListener@1cc268ff, org.springframework.boot.test.autoconfigure.web.servlet.MockMvcPrintOnlyOnFailureTestExecutionListener@53c8b631, org.springframework.boot.test.autoconfigure.web.servlet.WebDriverTestExecutionListener@60bfaaef, org.springframework.boot.test.mock.mockito.ResetMocksTestExecutionListener@6f8726ed]

  .   ____          _            __ _ _
 /\\ / ___'_ __ _ _(_)_ __  __ _ \ \ \ \
( ( )\___ | '_ | '_| | '_ \/ _` | \ \ \ \
 \\/  ___)| |_)| | | | | || (_| |  ) ) ) )
  '  |____| .__|_| |_|_| |_\__, | / / / /
 =========|_|==============|___/=/_/_/_/
 :: Spring Boot ::        (v2.1.7.RELEASE)

2021-10-22 18:22:05.338  INFO 18928 --- [    Test worker] c.j.b.s.web.HelloControllerTest          : Starting HelloControllerTest on DESKTOP-J7FJC89 with PID 18928 (started by TEI in C:\Users\TEI\IdeaProjects\freelec-springboot2-webservice)
2021-10-22 18:22:05.339  INFO 18928 --- [    Test worker] c.j.b.s.web.HelloControllerTest          : No active profile set, falling back to default profiles: default
2021-10-22 18:22:05.986  INFO 18928 --- [    Test worker] o.s.s.concurrent.ThreadPoolTaskExecutor  : Initializing ExecutorService 'applicationTaskExecutor'
2021-10-22 18:22:06.040  INFO 18928 --- [    Test worker] o.s.b.a.w.s.WelcomePageHandlerMapping    : Adding welcome page template: index
2021-10-22 18:22:06.344  INFO 18928 --- [    Test worker] .s.s.UserDetailsServiceAutoConfiguration : 

Using generated security password: 5926ad8f-1071-4386-8be9-c7e0af822784

2021-10-22 18:22:06.584  INFO 18928 --- [    Test worker] o.s.s.web.DefaultSecurityFilterChain     : Creating filter chain: any request, [org.springframework.security.web.context.request.async.WebAsyncManagerIntegrationFilter@2ec3cd74, org.springframework.security.web.context.SecurityContextPersistenceFilter@7669cf9, org.springframework.security.web.header.HeaderWriterFilter@79a18aea, org.springframework.security.web.csrf.CsrfFilter@6618d8bc, org.springframework.security.web.authentication.logout.LogoutFilter@3d6f7a8a, org.springframework.security.web.authentication.UsernamePasswordAuthenticationFilter@50294cd1, org.springframework.security.web.authentication.ui.DefaultLoginPageGeneratingFilter@62fec168, org.springframework.security.web.authentication.ui.DefaultLogoutPageGeneratingFilter@10ebbd0a, org.springframework.security.web.authentication.www.BasicAuthenticationFilter@42995b49, org.springframework.security.web.savedrequest.RequestCacheAwareFilter@2d198d02, org.springframework.security.web.servletapi.SecurityContextHolderAwareRequestFilter@581ab491, org.springframework.security.web.authentication.AnonymousAuthenticationFilter@18a0ff4d, org.springframework.security.web.session.SessionManagementFilter@595c705a, org.springframework.security.web.access.ExceptionTranslationFilter@30335cd3, org.springframework.security.web.access.intercept.FilterSecurityInterceptor@9b0e440]
2021-10-22 18:22:06.615  INFO 18928 --- [    Test worker] o.s.b.t.m.w.SpringBootMockServletContext : Initializing Spring TestDispatcherServlet ''
2021-10-22 18:22:06.616  INFO 18928 --- [    Test worker] o.s.t.web.servlet.TestDispatcherServlet  : Initializing Servlet ''
2021-10-22 18:22:06.639  INFO 18928 --- [    Test worker] o.s.t.web.servlet.TestDispatcherServlet  : Completed initialization in 23 ms
2021-10-22 18:22:06.678  INFO 18928 --- [    Test worker] c.j.b.s.web.HelloControllerTest          : Started HelloControllerTest in 1.399 seconds (JVM running for 18.96)
]]></system-out>
  <system-err><![CDATA[]]></system-err>
</testsuite>
