<?xml version="1.0" encoding="UTF-8"?>
<testsuite name="com.jojoldu.book.springboot.web.ProfileControllerTest" tests="1" skipped="0" failures="0" errors="0" timestamp="2021-10-22T09:22:07" hostname="DESKTOP-J7FJC89" time="0.027">
  <properties/>
  <testcase name="profile은_인증없이_호출된다" classname="com.jojoldu.book.springboot.web.ProfileControllerTest" time="0.027"/>
  <system-out><![CDATA[2021-10-22 18:22:07.303  INFO 18928 --- [    Test worker] .b.t.c.SpringBootTestContextBootstrapper : Neither @ContextConfiguration nor @ContextHierarchy found for test class [com.jojoldu.book.springboot.web.ProfileControllerTest], using SpringBootContextLoader
2021-10-22 18:22:07.305  INFO 18928 --- [    Test worker] o.s.t.c.support.AbstractContextLoader    : Could not detect default resource locations for test class [com.jojoldu.book.springboot.web.ProfileControllerTest]: no resource found for suffixes {-context.xml, Context.groovy}.
2021-10-22 18:22:07.305  INFO 18928 --- [    Test worker] t.c.s.AnnotationConfigContextLoaderUtils : Could not detect default configuration classes for test class [com.jojoldu.book.springboot.web.ProfileControllerTest]: ProfileControllerTest does not declare any static, non-private, non-final, nested classes annotated with @Configuration.
2021-10-22 18:22:07.308  INFO 18928 --- [    Test worker] .b.t.c.SpringBootTestContextBootstrapper : Found @SpringBootConfiguration com.jojoldu.book.springboot.Application for test class com.jojoldu.book.springboot.web.ProfileControllerTest
2021-10-22 18:22:07.310  INFO 18928 --- [    Test worker] .b.t.c.SpringBootTestContextBootstrapper : Loaded default TestExecutionListener class names from location [META-INF/spring.factories]: [org.springframework.security.test.context.support.WithSecurityContextTestExecutionListener, org.springframework.security.test.context.support.ReactorContextTestExecutionListener, org.springframework.boot.test.autoconfigure.restdocs.RestDocsTestExecutionListener, org.springframework.boot.test.autoconfigure.web.client.MockRestServiceServerResetTestExecutionListener, org.springframework.boot.test.autoconfigure.web.servlet.MockMvcPrintOnlyOnFailureTestExecutionListener, org.springframework.boot.test.autoconfigure.web.servlet.WebDriverTestExecutionListener, org.springframework.boot.test.mock.mockito.MockitoTestExecutionListener, org.springframework.boot.test.mock.mockito.ResetMocksTestExecutionListener, org.springframework.test.context.web.ServletTestExecutionListener, org.springframework.test.context.support.DirtiesContextBeforeModesTestExecutionListener, org.springframework.test.context.support.DependencyInjectionTestExecutionListener, org.springframework.test.context.support.DirtiesContextTestExecutionListener, org.springframework.test.context.transaction.TransactionalTestExecutionListener, org.springframework.test.context.jdbc.SqlScriptsTestExecutionListener]
2021-10-22 18:22:07.314  INFO 18928 --- [    Test worker] .b.t.c.SpringBootTestContextBootstrapper : Using TestExecutionListeners: [org.springframework.test.context.web.ServletTestExecutionListener@6dd15e5, org.springframework.test.context.support.DirtiesContextBeforeModesTestExecutionListener@1f28aa87, org.springframework.boot.test.mock.mockito.MockitoTestExecutionListener@6f626370, org.springframework.boot.test.autoconfigure.SpringBootDependencyInjectionTestExecutionListener@5a270fd9, org.springframework.test.context.support.DirtiesContextTestExecutionListener@34bb4b45, org.springframework.test.context.transaction.TransactionalTestExecutionListener@6e9db3c7, org.springframework.test.context.jdbc.SqlScriptsTestExecutionListener@12983487, org.springframework.security.test.context.support.WithSecurityContextTestExecutionListener@70a3b8ca, org.springframework.security.test.context.support.ReactorContextTestExecutionListener@1e2c24f8, org.springframework.boot.test.autoconfigure.restdocs.RestDocsTestExecutionListener@1d2cbf71, org.springframework.boot.test.autoconfigure.web.client.MockRestServiceServerResetTestExecutionListener@4e439c5f, org.springframework.boot.test.autoconfigure.web.servlet.MockMvcPrintOnlyOnFailureTestExecutionListener@23cb08b5, org.springframework.boot.test.autoconfigure.web.servlet.WebDriverTestExecutionListener@5c3fe3d0, org.springframework.boot.test.mock.mockito.ResetMocksTestExecutionListener@24101811]
]]></system-out>
  <system-err><![CDATA[]]></system-err>
</testsuite>
