<?xml version="1.0" encoding="UTF-8"?>
<testsuite name="com.jojoldu.book.springboot.fifa.UserSearchTest" tests="1" skipped="0" failures="0" errors="0" timestamp="2021-10-22T09:22:00" hostname="DESKTOP-J7FJC89" time="1.576">
  <properties/>
  <testcase name="nickNameSearch" classname="com.jojoldu.book.springboot.fifa.UserSearchTest" time="1.576"/>
  <system-out><![CDATA[18:21:49.263 [Test worker] DEBUG org.springframework.test.context.junit4.SpringJUnit4ClassRunner - SpringJUnit4ClassRunner constructor called with [class com.jojoldu.book.springboot.fifa.UserSearchTest]
18:21:49.274 [Test worker] DEBUG org.springframework.test.context.BootstrapUtils - Instantiating CacheAwareContextLoaderDelegate from class [org.springframework.test.context.cache.DefaultCacheAwareContextLoaderDelegate]
18:21:49.289 [Test worker] DEBUG org.springframework.test.context.BootstrapUtils - Instantiating BootstrapContext using constructor [public org.springframework.test.context.support.DefaultBootstrapContext(java.lang.Class,org.springframework.test.context.CacheAwareContextLoaderDelegate)]
18:21:49.319 [Test worker] DEBUG org.springframework.test.context.BootstrapUtils - Instantiating TestContextBootstrapper for test class [com.jojoldu.book.springboot.fifa.UserSearchTest] from class [org.springframework.boot.test.context.SpringBootTestContextBootstrapper]
18:21:49.342 [Test worker] INFO org.springframework.boot.test.context.SpringBootTestContextBootstrapper - Neither @ContextConfiguration nor @ContextHierarchy found for test class [com.jojoldu.book.springboot.fifa.UserSearchTest], using SpringBootContextLoader
18:21:49.349 [Test worker] DEBUG org.springframework.test.context.support.AbstractContextLoader - Did not detect default resource location for test class [com.jojoldu.book.springboot.fifa.UserSearchTest]: class path resource [com/jojoldu/book/springboot/fifa/UserSearchTest-context.xml] does not exist
18:21:49.350 [Test worker] DEBUG org.springframework.test.context.support.AbstractContextLoader - Did not detect default resource location for test class [com.jojoldu.book.springboot.fifa.UserSearchTest]: class path resource [com/jojoldu/book/springboot/fifa/UserSearchTestContext.groovy] does not exist
18:21:49.350 [Test worker] INFO org.springframework.test.context.support.AbstractContextLoader - Could not detect default resource locations for test class [com.jojoldu.book.springboot.fifa.UserSearchTest]: no resource found for suffixes {-context.xml, Context.groovy}.
18:21:49.352 [Test worker] INFO org.springframework.test.context.support.AnnotationConfigContextLoaderUtils - Could not detect default configuration classes for test class [com.jojoldu.book.springboot.fifa.UserSearchTest]: UserSearchTest does not declare any static, non-private, non-final, nested classes annotated with @Configuration.
18:21:49.418 [Test worker] DEBUG org.springframework.test.context.support.ActiveProfilesUtils - Could not find an 'annotation declaring class' for annotation type [org.springframework.test.context.ActiveProfiles] and class [com.jojoldu.book.springboot.fifa.UserSearchTest]
18:21:49.536 [Test worker] DEBUG org.springframework.context.annotation.ClassPathScanningCandidateComponentProvider - Identified candidate component class: file [C:\Users\TEI\IdeaProjects\freelec-springboot2-webservice\build\classes\java\main\com\jojoldu\book\springboot\Application.class]
18:21:49.538 [Test worker] INFO org.springframework.boot.test.context.SpringBootTestContextBootstrapper - Found @SpringBootConfiguration com.jojoldu.book.springboot.Application for test class com.jojoldu.book.springboot.fifa.UserSearchTest
18:21:49.705 [Test worker] DEBUG org.springframework.boot.test.context.SpringBootTestContextBootstrapper - @TestExecutionListeners is not present for class [com.jojoldu.book.springboot.fifa.UserSearchTest]: using defaults.
18:21:49.706 [Test worker] INFO org.springframework.boot.test.context.SpringBootTestContextBootstrapper - Loaded default TestExecutionListener class names from location [META-INF/spring.factories]: [org.springframework.security.test.context.support.WithSecurityContextTestExecutionListener, org.springframework.security.test.context.support.ReactorContextTestExecutionListener, org.springframework.boot.test.autoconfigure.restdocs.RestDocsTestExecutionListener, org.springframework.boot.test.autoconfigure.web.client.MockRestServiceServerResetTestExecutionListener, org.springframework.boot.test.autoconfigure.web.servlet.MockMvcPrintOnlyOnFailureTestExecutionListener, org.springframework.boot.test.autoconfigure.web.servlet.WebDriverTestExecutionListener, org.springframework.boot.test.mock.mockito.MockitoTestExecutionListener, org.springframework.boot.test.mock.mockito.ResetMocksTestExecutionListener, org.springframework.test.context.web.ServletTestExecutionListener, org.springframework.test.context.support.DirtiesContextBeforeModesTestExecutionListener, org.springframework.test.context.support.DependencyInjectionTestExecutionListener, org.springframework.test.context.support.DirtiesContextTestExecutionListener, org.springframework.test.context.transaction.TransactionalTestExecutionListener, org.springframework.test.context.jdbc.SqlScriptsTestExecutionListener]
18:21:49.747 [Test worker] INFO org.springframework.boot.test.context.SpringBootTestContextBootstrapper - Using TestExecutionListeners: [org.springframework.test.context.web.ServletTestExecutionListener@47cfc409, org.springframework.test.context.support.DirtiesContextBeforeModesTestExecutionListener@54cf3ad2, org.springframework.boot.test.mock.mockito.MockitoTestExecutionListener@513119cf, org.springframework.boot.test.autoconfigure.SpringBootDependencyInjectionTestExecutionListener@4ec53233, org.springframework.test.context.support.DirtiesContextTestExecutionListener@7713486e, org.springframework.test.context.transaction.TransactionalTestExecutionListener@5a27e5f4, org.springframework.test.context.jdbc.SqlScriptsTestExecutionListener@381601e, org.springframework.security.test.context.support.WithSecurityContextTestExecutionListener@64328ef7, org.springframework.security.test.context.support.ReactorContextTestExecutionListener@90fea27, org.springframework.boot.test.autoconfigure.restdocs.RestDocsTestExecutionListener@6ce2a6b7, org.springframework.boot.test.autoconfigure.web.client.MockRestServiceServerResetTestExecutionListener@64ebaaa5, org.springframework.boot.test.autoconfigure.web.servlet.MockMvcPrintOnlyOnFailureTestExecutionListener@145ed5f9, org.springframework.boot.test.autoconfigure.web.servlet.WebDriverTestExecutionListener@62764b87, org.springframework.boot.test.mock.mockito.ResetMocksTestExecutionListener@1b589e60]
18:21:49.752 [Test worker] DEBUG org.springframework.test.annotation.ProfileValueUtils - Retrieved @ProfileValueSourceConfiguration [null] for test class [com.jojoldu.book.springboot.fifa.UserSearchTest]
18:21:49.753 [Test worker] DEBUG org.springframework.test.annotation.ProfileValueUtils - Retrieved ProfileValueSource type [class org.springframework.test.annotation.SystemProfileValueSource] for class [com.jojoldu.book.springboot.fifa.UserSearchTest]
18:21:49.755 [Test worker] DEBUG org.springframework.test.annotation.ProfileValueUtils - Retrieved @ProfileValueSourceConfiguration [null] for test class [com.jojoldu.book.springboot.fifa.UserSearchTest]
18:21:49.755 [Test worker] DEBUG org.springframework.test.annotation.ProfileValueUtils - Retrieved ProfileValueSource type [class org.springframework.test.annotation.SystemProfileValueSource] for class [com.jojoldu.book.springboot.fifa.UserSearchTest]
18:21:49.762 [Test worker] DEBUG org.springframework.test.context.support.AbstractDirtiesContextTestExecutionListener - Before test class: context [DefaultTestContext@7cc80905 testClass = UserSearchTest, testInstance = [null], testMethod = [null], testException = [null], mergedContextConfiguration = [WebMergedContextConfiguration@33a1da testClass = UserSearchTest, locations = '{}', classes = '{class com.jojoldu.book.springboot.Application}', contextInitializerClasses = '[]', activeProfiles = '{}', propertySourceLocations = '{}', propertySourceProperties = '{org.springframework.boot.test.context.SpringBootTestContextBootstrapper=true, server.port=0}', contextCustomizers = set[org.springframework.boot.test.autoconfigure.properties.PropertyMappingContextCustomizer@0, org.springframework.boot.test.autoconfigure.web.servlet.WebDriverContextCustomizerFactory$Customizer@1b6a4fbc, org.springframework.boot.test.context.filter.ExcludeFilterContextCustomizer@340186c, org.springframework.boot.test.json.DuplicateJsonObjectContextCustomizerFactory$DuplicateJsonObjectContextCustomizer@703ae7b8, org.springframework.boot.test.mock.mockito.MockitoContextCustomizer@0, org.springframework.boot.test.web.client.TestRestTemplateContextCustomizer@41e88fbe], resourceBasePath = 'src/main/webapp', contextLoader = 'org.springframework.boot.test.context.SpringBootContextLoader', parent = [null]], attributes = map['org.springframework.test.context.web.ServletTestExecutionListener.activateListener' -> false]], class annotated with @DirtiesContext [false] with mode [null].
18:21:49.763 [Test worker] DEBUG org.springframework.test.annotation.ProfileValueUtils - Retrieved @ProfileValueSourceConfiguration [null] for test class [com.jojoldu.book.springboot.fifa.UserSearchTest]
18:21:49.763 [Test worker] DEBUG org.springframework.test.annotation.ProfileValueUtils - Retrieved ProfileValueSource type [class org.springframework.test.annotation.SystemProfileValueSource] for class [com.jojoldu.book.springboot.fifa.UserSearchTest]
18:21:49.771 [Test worker] DEBUG org.springframework.test.context.support.DependencyInjectionTestExecutionListener - Performing dependency injection for test context [[DefaultTestContext@7cc80905 testClass = UserSearchTest, testInstance = com.jojoldu.book.springboot.fifa.UserSearchTest@3ab8133e, testMethod = [null], testException = [null], mergedContextConfiguration = [WebMergedContextConfiguration@33a1da testClass = UserSearchTest, locations = '{}', classes = '{class com.jojoldu.book.springboot.Application}', contextInitializerClasses = '[]', activeProfiles = '{}', propertySourceLocations = '{}', propertySourceProperties = '{org.springframework.boot.test.context.SpringBootTestContextBootstrapper=true, server.port=0}', contextCustomizers = set[org.springframework.boot.test.autoconfigure.properties.PropertyMappingContextCustomizer@0, org.springframework.boot.test.autoconfigure.web.servlet.WebDriverContextCustomizerFactory$Customizer@1b6a4fbc, org.springframework.boot.test.context.filter.ExcludeFilterContextCustomizer@340186c, org.springframework.boot.test.json.DuplicateJsonObjectContextCustomizerFactory$DuplicateJsonObjectContextCustomizer@703ae7b8, org.springframework.boot.test.mock.mockito.MockitoContextCustomizer@0, org.springframework.boot.test.web.client.TestRestTemplateContextCustomizer@41e88fbe], resourceBasePath = 'src/main/webapp', contextLoader = 'org.springframework.boot.test.context.SpringBootContextLoader', parent = [null]], attributes = map['org.springframework.test.context.web.ServletTestExecutionListener.activateListener' -> false]]].
18:21:49.804 [Test worker] DEBUG org.springframework.test.context.support.TestPropertySourceUtils - Adding inlined properties to environment: {spring.jmx.enabled=false, org.springframework.boot.test.context.SpringBootTestContextBootstrapper=true, server.port=0}

  .   ____          _            __ _ _
 /\\ / ___'_ __ _ _(_)_ __  __ _ \ \ \ \
( ( )\___ | '_ | '_| | '_ \/ _` | \ \ \ \
 \\/  ___)| |_)| | | | | || (_| |  ) ) ) )
  '  |____| .__|_| |_|_| |_\__, | / / / /
 =========|_|==============|___/=/_/_/_/
 :: Spring Boot ::        (v2.1.7.RELEASE)

2021-10-22 18:21:50.225  INFO 18928 --- [    Test worker] c.j.book.springboot.fifa.UserSearchTest  : Starting UserSearchTest on DESKTOP-J7FJC89 with PID 18928 (started by TEI in C:\Users\TEI\IdeaProjects\freelec-springboot2-webservice)
2021-10-22 18:21:50.227  INFO 18928 --- [    Test worker] c.j.book.springboot.fifa.UserSearchTest  : No active profile set, falling back to default profiles: default
2021-10-22 18:21:51.882  INFO 18928 --- [    Test worker] .s.d.r.c.RepositoryConfigurationDelegate : Bootstrapping Spring Data repositories in DEFAULT mode.
2021-10-22 18:21:52.005  INFO 18928 --- [    Test worker] .s.d.r.c.RepositoryConfigurationDelegate : Finished Spring Data repository scanning in 111ms. Found 2 repository interfaces.
2021-10-22 18:21:52.664  INFO 18928 --- [    Test worker] trationDelegate$BeanPostProcessorChecker : Bean 'org.springframework.transaction.annotation.ProxyTransactionManagementConfiguration' of type [org.springframework.transaction.annotation.ProxyTransactionManagementConfiguration$$EnhancerBySpringCGLIB$$b445ede6] is not eligible for getting processed by all BeanPostProcessors (for example: not eligible for auto-proxying)
2021-10-22 18:21:53.321  INFO 18928 --- [    Test worker] o.s.b.w.embedded.tomcat.TomcatWebServer  : Tomcat initialized with port(s): 0 (http)
2021-10-22 18:21:53.363  INFO 18928 --- [    Test worker] o.apache.catalina.core.StandardService   : Starting service [Tomcat]
2021-10-22 18:21:53.364  INFO 18928 --- [    Test worker] org.apache.catalina.core.StandardEngine  : Starting Servlet engine: [Apache Tomcat/9.0.22]
2021-10-22 18:21:53.605  INFO 18928 --- [    Test worker] o.a.c.c.C.[Tomcat].[localhost].[/]       : Initializing Spring embedded WebApplicationContext
2021-10-22 18:21:53.605  INFO 18928 --- [    Test worker] o.s.web.context.ContextLoader            : Root WebApplicationContext: initialization completed in 3338 ms
2021-10-22 18:21:54.234  INFO 18928 --- [    Test worker] com.zaxxer.hikari.HikariDataSource       : HikariPool-1 - Starting...
2021-10-22 18:21:54.525  INFO 18928 --- [    Test worker] com.zaxxer.hikari.HikariDataSource       : HikariPool-1 - Start completed.
2021-10-22 18:21:54.718  INFO 18928 --- [    Test worker] o.hibernate.jpa.internal.util.LogHelper  : HHH000204: Processing PersistenceUnitInfo [
	name: default
	...]
2021-10-22 18:21:54.869  INFO 18928 --- [    Test worker] org.hibernate.Version                    : HHH000412: Hibernate Core {5.3.10.Final}
2021-10-22 18:21:54.874  INFO 18928 --- [    Test worker] org.hibernate.cfg.Environment            : HHH000206: hibernate.properties not found
2021-10-22 18:21:55.274  INFO 18928 --- [    Test worker] o.hibernate.annotations.common.Version   : HCANN000001: Hibernate Commons Annotations {5.0.4.Final}
2021-10-22 18:21:55.815  INFO 18928 --- [    Test worker] org.hibernate.dialect.Dialect            : HHH000400: Using dialect: org.hibernate.dialect.MySQL5InnoDBDialect
Hibernate: drop table if exists posts
Hibernate: drop table if exists user
Hibernate: create table posts (id bigint not null auto_increment, created_date datetime, modified_date datetime, author varchar(255), content TEXT not null, title varchar(500) not null, primary key (id)) engine=InnoDB
Hibernate: create table user (id bigint not null auto_increment, created_date datetime, modified_date datetime, email varchar(255) not null, name varchar(255) not null, picture varchar(255), role varchar(255) not null, primary key (id)) engine=InnoDB
2021-10-22 18:21:57.319  INFO 18928 --- [    Test worker] o.h.t.schema.internal.SchemaCreatorImpl  : HHH000476: Executing import script 'org.hibernate.tool.schema.internal.exec.ScriptSourceInputNonExistentImpl@9581df6'
2021-10-22 18:21:57.326  INFO 18928 --- [    Test worker] j.LocalContainerEntityManagerFactoryBean : Initialized JPA EntityManagerFactory for persistence unit 'default'
2021-10-22 18:21:58.775  INFO 18928 --- [    Test worker] o.h.h.i.QueryTranslatorFactoryInitiator  : HHH000397: Using ASTQueryTranslatorFactory
2021-10-22 18:21:59.460  INFO 18928 --- [    Test worker] o.s.s.web.DefaultSecurityFilterChain     : Creating filter chain: any request, [org.springframework.security.web.context.request.async.WebAsyncManagerIntegrationFilter@2c6c8ef3, org.springframework.security.web.context.SecurityContextPersistenceFilter@fd6b3a1, org.springframework.security.web.header.HeaderWriterFilter@3027e7bd, org.springframework.security.web.authentication.logout.LogoutFilter@579740a8, org.springframework.security.oauth2.client.web.OAuth2AuthorizationRequestRedirectFilter@3166c0bd, org.springframework.security.oauth2.client.web.OAuth2LoginAuthenticationFilter@67d7e046, org.springframework.security.web.authentication.ui.DefaultLoginPageGeneratingFilter@1337fd9c, org.springframework.security.web.authentication.ui.DefaultLogoutPageGeneratingFilter@16ba2dd2, org.springframework.security.web.savedrequest.RequestCacheAwareFilter@6fbd7e5b, org.springframework.security.web.servletapi.SecurityContextHolderAwareRequestFilter@40f12ec8, org.springframework.security.web.authentication.AnonymousAuthenticationFilter@f175035, org.springframework.security.web.session.SessionManagementFilter@717de64b, org.springframework.security.web.access.ExceptionTranslationFilter@518dbcc, org.springframework.security.web.access.intercept.FilterSecurityInterceptor@1f14de04]
2021-10-22 18:22:00.029  INFO 18928 --- [    Test worker] o.s.s.concurrent.ThreadPoolTaskExecutor  : Initializing ExecutorService 'applicationTaskExecutor'
2021-10-22 18:22:00.117  WARN 18928 --- [    Test worker] aWebConfiguration$JpaWebMvcConfiguration : spring.jpa.open-in-view is enabled by default. Therefore, database queries may be performed during view rendering. Explicitly configure spring.jpa.open-in-view to disable this warning
2021-10-22 18:22:00.188  INFO 18928 --- [    Test worker] o.s.b.a.w.s.WelcomePageHandlerMapping    : Adding welcome page template: index
2021-10-22 18:22:00.744  INFO 18928 --- [    Test worker] s.a.ScheduledAnnotationBeanPostProcessor : No TaskScheduler/ScheduledExecutorService bean found for scheduled processing
2021-10-22 18:22:00.782  INFO 18928 --- [    Test worker] o.s.b.w.embedded.tomcat.TomcatWebServer  : Tomcat started on port(s): 57558 (http) with context path ''
2021-10-22 18:22:00.784  INFO 18928 --- [    Test worker] c.j.book.springboot.fifa.UserSearchTest  : Started UserSearchTest in 10.978 seconds (JVM running for 13.067)
AAAAAAAAAAAAAAAAAAAAAAAAAA
UserResponseDto(accessId=f8fdbf061f23c8e205655709, nickname=은빛장미, level=1146)
]]></system-out>
  <system-err><![CDATA[]]></system-err>
</testsuite>
